<?xml version="1.0" encoding="UTF-8"?>
<testsuite xmlns:xsi="http://www.w3.org/2001/XMLSchema-instance" xsi:noNamespaceSchemaLocation="https://maven.apache.org/surefire/maven-surefire-plugin/xsd/surefire-test-report.xsd" name="TestSuite" time="73.177" tests="10" errors="0" skipped="0" failures="2">
  <properties>
    <property name="gopherProxySet" value="false"/>
    <property name="awt.toolkit" value="sun.lwawt.macosx.LWCToolkit"/>
    <property name="file.encoding.pkg" value="sun.io"/>
    <property name="java.specification.version" value="1.8"/>
    <property name="sun.cpu.isalist" value=""/>
    <property name="sun.jnu.encoding" value="UTF-8"/>
    <property name="java.class.path" value="/Users/benedict.idonije/git/hudl-project/target/test-classes:/Users/benedict.idonije/git/hudl-project/target/classes:/Users/benedict.idonije/.m2/repository/org/testng/testng/7.3.0/testng-7.3.0.jar:/Users/benedict.idonije/.m2/repository/com/beust/jcommander/1.78/jcommander-1.78.jar:/Users/benedict.idonije/.m2/repository/org/apache/ant/ant/1.10.3/ant-1.10.3.jar:/Users/benedict.idonije/.m2/repository/org/apache/ant/ant-launcher/1.10.3/ant-launcher-1.10.3.jar:/Users/benedict.idonije/.m2/repository/junit/junit/4.12/junit-4.12.jar:/Users/benedict.idonije/.m2/repository/com/google/inject/guice/4.2.2/guice-4.2.2-no_aop.jar:/Users/benedict.idonije/.m2/repository/javax/inject/javax.inject/1/javax.inject-1.jar:/Users/benedict.idonije/.m2/repository/aopalliance/aopalliance/1.0/aopalliance-1.0.jar:/Users/benedict.idonije/.m2/repository/org/yaml/snakeyaml/1.21/snakeyaml-1.21.jar:/Users/benedict.idonije/.m2/repository/org/seleniumhq/selenium/selenium-java/4.0.0/selenium-java-4.0.0.jar:/Users/benedict.idonije/.m2/repository/org/seleniumhq/selenium/selenium-api/4.0.0/selenium-api-4.0.0.jar:/Users/benedict.idonije/.m2/repository/org/seleniumhq/selenium/selenium-devtools-v85/4.0.0/selenium-devtools-v85-4.0.0.jar:/Users/benedict.idonije/.m2/repository/org/seleniumhq/selenium/selenium-devtools-v93/4.0.0/selenium-devtools-v93-4.0.0.jar:/Users/benedict.idonije/.m2/repository/org/seleniumhq/selenium/selenium-devtools-v94/4.0.0/selenium-devtools-v94-4.0.0.jar:/Users/benedict.idonije/.m2/repository/org/seleniumhq/selenium/selenium-devtools-v95/4.0.0/selenium-devtools-v95-4.0.0.jar:/Users/benedict.idonije/.m2/repository/org/seleniumhq/selenium/selenium-edge-driver/4.0.0/selenium-edge-driver-4.0.0.jar:/Users/benedict.idonije/.m2/repository/org/seleniumhq/selenium/selenium-firefox-xpi-driver/4.0.0/selenium-firefox-xpi-driver-4.0.0.jar:/Users/benedict.idonije/.m2/repository/org/seleniumhq/selenium/selenium-ie-driver/4.0.0/selenium-ie-driver-4.0.0.jar:/Users/benedict.idonije/.m2/repository/org/seleniumhq/selenium/selenium-opera-driver/4.0.0/selenium-opera-driver-4.0.0.jar:/Users/benedict.idonije/.m2/repository/org/seleniumhq/selenium/selenium-remote-driver/4.0.0/selenium-remote-driver-4.0.0.jar:/Users/benedict.idonije/.m2/repository/io/netty/netty-buffer/4.1.68.Final/netty-buffer-4.1.68.Final.jar:/Users/benedict.idonije/.m2/repository/io/netty/netty-codec-http/4.1.67.Final/netty-codec-http-4.1.67.Final.jar:/Users/benedict.idonije/.m2/repository/io/netty/netty-codec/4.1.67.Final/netty-codec-4.1.67.Final.jar:/Users/benedict.idonije/.m2/repository/io/netty/netty-handler/4.1.67.Final/netty-handler-4.1.67.Final.jar:/Users/benedict.idonije/.m2/repository/io/netty/netty-common/4.1.68.Final/netty-common-4.1.68.Final.jar:/Users/benedict.idonije/.m2/repository/io/netty/netty-transport-native-epoll/4.1.67.Final/netty-transport-native-epoll-4.1.67.Final.jar:/Users/benedict.idonije/.m2/repository/io/netty/netty-transport-native-kqueue/4.1.67.Final/netty-transport-native-kqueue-4.1.67.Final.jar:/Users/benedict.idonije/.m2/repository/io/netty/netty-transport-native-unix-common/4.1.67.Final/netty-transport-native-unix-common-4.1.67.Final.jar:/Users/benedict.idonije/.m2/repository/io/netty/netty-transport/4.1.68.Final/netty-transport-4.1.68.Final.jar:/Users/benedict.idonije/.m2/repository/io/netty/netty-resolver/4.1.68.Final/netty-resolver-4.1.68.Final.jar:/Users/benedict.idonije/.m2/repository/io/opentelemetry/opentelemetry-api/1.6.0/opentelemetry-api-1.6.0.jar:/Users/benedict.idonije/.m2/repository/io/opentelemetry/opentelemetry-context/1.6.0/opentelemetry-context-1.6.0.jar:/Users/benedict.idonije/.m2/repository/io/opentelemetry/opentelemetry-exporter-logging/1.6.0/opentelemetry-exporter-logging-1.6.0.jar:/Users/benedict.idonije/.m2/repository/io/opentelemetry/opentelemetry-sdk-metrics/1.6.0-alpha/opentelemetry-sdk-metrics-1.6.0-alpha.jar:/Users/benedict.idonije/.m2/repository/io/opentelemetry/opentelemetry-sdk-common/1.6.0/opentelemetry-sdk-common-1.6.0.jar:/Users/benedict.idonije/.m2/repository/io/opentelemetry/opentelemetry-sdk-extension-autoconfigure-spi/1.6.0/opentelemetry-sdk-extension-autoconfigure-spi-1.6.0.jar:/Users/benedict.idonije/.m2/repository/io/opentelemetry/opentelemetry-sdk-extension-autoconfigure/1.6.0-alpha/opentelemetry-sdk-extension-autoconfigure-1.6.0-alpha.jar:/Users/benedict.idonije/.m2/repository/io/opentelemetry/opentelemetry-sdk-trace/1.6.0/opentelemetry-sdk-trace-1.6.0.jar:/Users/benedict.idonije/.m2/repository/io/opentelemetry/opentelemetry-api-metrics/1.6.0-alpha/opentelemetry-api-metrics-1.6.0-alpha.jar:/Users/benedict.idonije/.m2/repository/io/opentelemetry/opentelemetry-sdk/1.6.0/opentelemetry-sdk-1.6.0.jar:/Users/benedict.idonije/.m2/repository/io/opentelemetry/opentelemetry-semconv/1.6.0-alpha/opentelemetry-semconv-1.6.0-alpha.jar:/Users/benedict.idonije/.m2/repository/io/ous/jtoml/2.0.0/jtoml-2.0.0.jar:/Users/benedict.idonije/.m2/repository/net/bytebuddy/byte-buddy/1.11.19/byte-buddy-1.11.19.jar:/Users/benedict.idonije/.m2/repository/org/apache/commons/commons-exec/1.3/commons-exec-1.3.jar:/Users/benedict.idonije/.m2/repository/org/asynchttpclient/async-http-client/2.12.3/async-http-client-2.12.3.jar:/Users/benedict.idonije/.m2/repository/org/asynchttpclient/async-http-client-netty-utils/2.12.3/async-http-client-netty-utils-2.12.3.jar:/Users/benedict.idonije/.m2/repository/io/netty/netty-codec-socks/4.1.60.Final/netty-codec-socks-4.1.60.Final.jar:/Users/benedict.idonije/.m2/repository/io/netty/netty-handler-proxy/4.1.60.Final/netty-handler-proxy-4.1.60.Final.jar:/Users/benedict.idonije/.m2/repository/io/netty/netty-transport-native-epoll/4.1.60.Final/netty-transport-native-epoll-4.1.60.Final-linux-x86_64.jar:/Users/benedict.idonije/.m2/repository/io/netty/netty-transport-native-kqueue/4.1.60.Final/netty-transport-native-kqueue-4.1.60.Final-osx-x86_64.jar:/Users/benedict.idonije/.m2/repository/org/reactivestreams/reactive-streams/1.0.3/reactive-streams-1.0.3.jar:/Users/benedict.idonije/.m2/repository/com/typesafe/netty/netty-reactive-streams/2.0.4/netty-reactive-streams-2.0.4.jar:/Users/benedict.idonije/.m2/repository/com/sun/activation/jakarta.activation/1.2.2/jakarta.activation-1.2.2.jar:/Users/benedict.idonije/.m2/repository/org/seleniumhq/selenium/selenium-http/4.0.0/selenium-http-4.0.0.jar:/Users/benedict.idonije/.m2/repository/org/seleniumhq/selenium/selenium-safari-driver/4.0.0/selenium-safari-driver-4.0.0.jar:/Users/benedict.idonije/.m2/repository/org/seleniumhq/selenium/selenium-support/4.0.0/selenium-support-4.0.0.jar:/Users/benedict.idonije/.m2/repository/org/seleniumhq/selenium/selenium-firefox-driver/4.0.0/selenium-firefox-driver-4.0.0.jar:/Users/benedict.idonije/.m2/repository/com/google/auto/service/auto-service-annotations/1.0/auto-service-annotations-1.0.jar:/Users/benedict.idonije/.m2/repository/com/google/auto/service/auto-service/1.0/auto-service-1.0.jar:/Users/benedict.idonije/.m2/repository/com/google/auto/auto-common/1.0/auto-common-1.0.jar:/Users/benedict.idonije/.m2/repository/com/google/guava/guava/31.0.1-jre/guava-31.0.1-jre.jar:/Users/benedict.idonije/.m2/repository/com/google/guava/failureaccess/1.0.1/failureaccess-1.0.1.jar:/Users/benedict.idonije/.m2/repository/com/google/guava/listenablefuture/9999.0-empty-to-avoid-conflict-with-guava/listenablefuture-9999.0-empty-to-avoid-conflict-with-guava.jar:/Users/benedict.idonije/.m2/repository/com/google/code/findbugs/jsr305/3.0.2/jsr305-3.0.2.jar:/Users/benedict.idonije/.m2/repository/org/checkerframework/checker-qual/3.12.0/checker-qual-3.12.0.jar:/Users/benedict.idonije/.m2/repository/com/google/errorprone/error_prone_annotations/2.7.1/error_prone_annotations-2.7.1.jar:/Users/benedict.idonije/.m2/repository/com/google/j2objc/j2objc-annotations/1.3/j2objc-annotations-1.3.jar:/Users/benedict.idonije/.m2/repository/org/seleniumhq/selenium/selenium-json/4.0.0/selenium-json-4.0.0.jar:/Users/benedict.idonije/.m2/repository/org/seleniumhq/selenium/selenium-chrome-driver/4.0.0/selenium-chrome-driver-4.0.0.jar:/Users/benedict.idonije/.m2/repository/org/seleniumhq/selenium/selenium-chromium-driver/4.0.0/selenium-chromium-driver-4.0.0.jar:/Users/benedict.idonije/.m2/repository/org/hamcrest/hamcrest-all/1.3/hamcrest-all-1.3.jar:/Users/benedict.idonije/.m2/repository/org/hamcrest/hamcrest-library/1.3/hamcrest-library-1.3.jar:/Users/benedict.idonije/.m2/repository/org/hamcrest/hamcrest-core/1.3/hamcrest-core-1.3.jar:/Users/benedict.idonije/.m2/repository/org/apache/cassandra/cassandra-all/0.8.1/cassandra-all-0.8.1.jar:/Users/benedict.idonije/.m2/repository/commons-cli/commons-cli/1.1/commons-cli-1.1.jar:/Users/benedict.idonije/.m2/repository/commons-codec/commons-codec/1.2/commons-codec-1.2.jar:/Users/benedict.idonije/.m2/repository/commons-collections/commons-collections/3.2.1/commons-collections-3.2.1.jar:/Users/benedict.idonije/.m2/repository/commons-lang/commons-lang/2.4/commons-lang-2.4.jar:/Users/benedict.idonije/.m2/repository/com/googlecode/concurrentlinkedhashmap/concurrentlinkedhashmap-lru/1.1/concurrentlinkedhashmap-lru-1.1.jar:/Users/benedict.idonije/.m2/repository/org/antlr/antlr/3.2/antlr-3.2.jar:/Users/benedict.idonije/.m2/repository/org/antlr/antlr-runtime/3.2/antlr-runtime-3.2.jar:/Users/benedict.idonije/.m2/repository/org/antlr/stringtemplate/3.2/stringtemplate-3.2.jar:/Users/benedict.idonije/.m2/repository/antlr/antlr/2.7.7/antlr-2.7.7.jar:/Users/benedict.idonije/.m2/repository/org/slf4j/slf4j-api/1.6.1/slf4j-api-1.6.1.jar:/Users/benedict.idonije/.m2/repository/org/apache/cassandra/deps/avro/1.4.0-cassandra-1/avro-1.4.0-cassandra-1.jar:/Users/benedict.idonije/.m2/repository/org/mortbay/jetty/jetty/6.1.22/jetty-6.1.22.jar:/Users/benedict.idonije/.m2/repository/org/mortbay/jetty/jetty-util/6.1.22/jetty-util-6.1.22.jar:/Users/benedict.idonije/.m2/repository/org/mortbay/jetty/servlet-api/2.5-20081211/servlet-api-2.5-20081211.jar:/Users/benedict.idonije/.m2/repository/org/codehaus/jackson/jackson-core-asl/1.4.0/jackson-core-asl-1.4.0.jar:/Users/benedict.idonije/.m2/repository/org/codehaus/jackson/jackson-mapper-asl/1.4.0/jackson-mapper-asl-1.4.0.jar:/Users/benedict.idonije/.m2/repository/jline/jline/0.9.94/jline-0.9.94.jar:/Users/benedict.idonije/.m2/repository/com/googlecode/json-simple/json-simple/1.1/json-simple-1.1.jar:/Users/benedict.idonije/.m2/repository/com/github/stephenc/high-scale-lib/high-scale-lib/1.1.2/high-scale-lib-1.1.2.jar:/Users/benedict.idonije/.m2/repository/org/apache/thrift/libthrift/0.6.1/libthrift-0.6.1.jar:/Users/benedict.idonije/.m2/repository/javax/servlet/servlet-api/2.5/servlet-api-2.5.jar:/Users/benedict.idonije/.m2/repository/org/apache/httpcomponents/httpclient/4.0.1/httpclient-4.0.1.jar:/Users/benedict.idonije/.m2/repository/org/apache/httpcomponents/httpcore/4.0.1/httpcore-4.0.1.jar:/Users/benedict.idonije/.m2/repository/commons-logging/commons-logging/1.1.1/commons-logging-1.1.1.jar:/Users/benedict.idonije/.m2/repository/org/apache/cassandra/cassandra-thrift/0.8.1/cassandra-thrift-0.8.1.jar:/Users/benedict.idonije/.m2/repository/com/github/stephenc/jamm/0.2.2/jamm-0.2.2.jar:"/>
    <property name="java.vm.vendor" value="Oracle Corporation"/>
    <property name="sun.arch.data.model" value="64"/>
    <property name="java.vendor.url" value="http://java.oracle.com/"/>
    <property name="user.timezone" value=""/>
    <property name="java.vm.specification.version" value="1.8"/>
    <property name="os.name" value="Mac OS X"/>
    <property name="user.country" value="GB"/>
    <property name="sun.java.launcher" value="SUN_STANDARD"/>
    <property name="sun.boot.library.path" value="/Library/Java/JavaVirtualMachines/jdk1.8.0_191.jdk/Contents/Home/jre/lib"/>
    <property name="sun.java.command" value="/Users/benedict.idonije/git/hudl-project/target/surefire/surefirebooter6784301506217900392.jar /Users/benedict.idonije/git/hudl-project/target/surefire 2021-12-04T13-49-34_866-jvmRun1 surefire4787082058911162955tmp surefire_07088384994546151885tmp"/>
    <property name="http.nonProxyHosts" value="local|*.local|169.254/16|*.169.254/16"/>
    <property name="surefire.test.class.path" value="/Users/benedict.idonije/git/hudl-project/target/test-classes:/Users/benedict.idonije/git/hudl-project/target/classes:/Users/benedict.idonije/.m2/repository/org/testng/testng/7.3.0/testng-7.3.0.jar:/Users/benedict.idonije/.m2/repository/com/beust/jcommander/1.78/jcommander-1.78.jar:/Users/benedict.idonije/.m2/repository/org/apache/ant/ant/1.10.3/ant-1.10.3.jar:/Users/benedict.idonije/.m2/repository/org/apache/ant/ant-launcher/1.10.3/ant-launcher-1.10.3.jar:/Users/benedict.idonije/.m2/repository/junit/junit/4.12/junit-4.12.jar:/Users/benedict.idonije/.m2/repository/com/google/inject/guice/4.2.2/guice-4.2.2-no_aop.jar:/Users/benedict.idonije/.m2/repository/javax/inject/javax.inject/1/javax.inject-1.jar:/Users/benedict.idonije/.m2/repository/aopalliance/aopalliance/1.0/aopalliance-1.0.jar:/Users/benedict.idonije/.m2/repository/org/yaml/snakeyaml/1.21/snakeyaml-1.21.jar:/Users/benedict.idonije/.m2/repository/org/seleniumhq/selenium/selenium-java/4.0.0/selenium-java-4.0.0.jar:/Users/benedict.idonije/.m2/repository/org/seleniumhq/selenium/selenium-api/4.0.0/selenium-api-4.0.0.jar:/Users/benedict.idonije/.m2/repository/org/seleniumhq/selenium/selenium-devtools-v85/4.0.0/selenium-devtools-v85-4.0.0.jar:/Users/benedict.idonije/.m2/repository/org/seleniumhq/selenium/selenium-devtools-v93/4.0.0/selenium-devtools-v93-4.0.0.jar:/Users/benedict.idonije/.m2/repository/org/seleniumhq/selenium/selenium-devtools-v94/4.0.0/selenium-devtools-v94-4.0.0.jar:/Users/benedict.idonije/.m2/repository/org/seleniumhq/selenium/selenium-devtools-v95/4.0.0/selenium-devtools-v95-4.0.0.jar:/Users/benedict.idonije/.m2/repository/org/seleniumhq/selenium/selenium-edge-driver/4.0.0/selenium-edge-driver-4.0.0.jar:/Users/benedict.idonije/.m2/repository/org/seleniumhq/selenium/selenium-firefox-xpi-driver/4.0.0/selenium-firefox-xpi-driver-4.0.0.jar:/Users/benedict.idonije/.m2/repository/org/seleniumhq/selenium/selenium-ie-driver/4.0.0/selenium-ie-driver-4.0.0.jar:/Users/benedict.idonije/.m2/repository/org/seleniumhq/selenium/selenium-opera-driver/4.0.0/selenium-opera-driver-4.0.0.jar:/Users/benedict.idonije/.m2/repository/org/seleniumhq/selenium/selenium-remote-driver/4.0.0/selenium-remote-driver-4.0.0.jar:/Users/benedict.idonije/.m2/repository/io/netty/netty-buffer/4.1.68.Final/netty-buffer-4.1.68.Final.jar:/Users/benedict.idonije/.m2/repository/io/netty/netty-codec-http/4.1.67.Final/netty-codec-http-4.1.67.Final.jar:/Users/benedict.idonije/.m2/repository/io/netty/netty-codec/4.1.67.Final/netty-codec-4.1.67.Final.jar:/Users/benedict.idonije/.m2/repository/io/netty/netty-handler/4.1.67.Final/netty-handler-4.1.67.Final.jar:/Users/benedict.idonije/.m2/repository/io/netty/netty-common/4.1.68.Final/netty-common-4.1.68.Final.jar:/Users/benedict.idonije/.m2/repository/io/netty/netty-transport-native-epoll/4.1.67.Final/netty-transport-native-epoll-4.1.67.Final.jar:/Users/benedict.idonije/.m2/repository/io/netty/netty-transport-native-kqueue/4.1.67.Final/netty-transport-native-kqueue-4.1.67.Final.jar:/Users/benedict.idonije/.m2/repository/io/netty/netty-transport-native-unix-common/4.1.67.Final/netty-transport-native-unix-common-4.1.67.Final.jar:/Users/benedict.idonije/.m2/repository/io/netty/netty-transport/4.1.68.Final/netty-transport-4.1.68.Final.jar:/Users/benedict.idonije/.m2/repository/io/netty/netty-resolver/4.1.68.Final/netty-resolver-4.1.68.Final.jar:/Users/benedict.idonije/.m2/repository/io/opentelemetry/opentelemetry-api/1.6.0/opentelemetry-api-1.6.0.jar:/Users/benedict.idonije/.m2/repository/io/opentelemetry/opentelemetry-context/1.6.0/opentelemetry-context-1.6.0.jar:/Users/benedict.idonije/.m2/repository/io/opentelemetry/opentelemetry-exporter-logging/1.6.0/opentelemetry-exporter-logging-1.6.0.jar:/Users/benedict.idonije/.m2/repository/io/opentelemetry/opentelemetry-sdk-metrics/1.6.0-alpha/opentelemetry-sdk-metrics-1.6.0-alpha.jar:/Users/benedict.idonije/.m2/repository/io/opentelemetry/opentelemetry-sdk-common/1.6.0/opentelemetry-sdk-common-1.6.0.jar:/Users/benedict.idonije/.m2/repository/io/opentelemetry/opentelemetry-sdk-extension-autoconfigure-spi/1.6.0/opentelemetry-sdk-extension-autoconfigure-spi-1.6.0.jar:/Users/benedict.idonije/.m2/repository/io/opentelemetry/opentelemetry-sdk-extension-autoconfigure/1.6.0-alpha/opentelemetry-sdk-extension-autoconfigure-1.6.0-alpha.jar:/Users/benedict.idonije/.m2/repository/io/opentelemetry/opentelemetry-sdk-trace/1.6.0/opentelemetry-sdk-trace-1.6.0.jar:/Users/benedict.idonije/.m2/repository/io/opentelemetry/opentelemetry-api-metrics/1.6.0-alpha/opentelemetry-api-metrics-1.6.0-alpha.jar:/Users/benedict.idonije/.m2/repository/io/opentelemetry/opentelemetry-sdk/1.6.0/opentelemetry-sdk-1.6.0.jar:/Users/benedict.idonije/.m2/repository/io/opentelemetry/opentelemetry-semconv/1.6.0-alpha/opentelemetry-semconv-1.6.0-alpha.jar:/Users/benedict.idonije/.m2/repository/io/ous/jtoml/2.0.0/jtoml-2.0.0.jar:/Users/benedict.idonije/.m2/repository/net/bytebuddy/byte-buddy/1.11.19/byte-buddy-1.11.19.jar:/Users/benedict.idonije/.m2/repository/org/apache/commons/commons-exec/1.3/commons-exec-1.3.jar:/Users/benedict.idonije/.m2/repository/org/asynchttpclient/async-http-client/2.12.3/async-http-client-2.12.3.jar:/Users/benedict.idonije/.m2/repository/org/asynchttpclient/async-http-client-netty-utils/2.12.3/async-http-client-netty-utils-2.12.3.jar:/Users/benedict.idonije/.m2/repository/io/netty/netty-codec-socks/4.1.60.Final/netty-codec-socks-4.1.60.Final.jar:/Users/benedict.idonije/.m2/repository/io/netty/netty-handler-proxy/4.1.60.Final/netty-handler-proxy-4.1.60.Final.jar:/Users/benedict.idonije/.m2/repository/io/netty/netty-transport-native-epoll/4.1.60.Final/netty-transport-native-epoll-4.1.60.Final-linux-x86_64.jar:/Users/benedict.idonije/.m2/repository/io/netty/netty-transport-native-kqueue/4.1.60.Final/netty-transport-native-kqueue-4.1.60.Final-osx-x86_64.jar:/Users/benedict.idonije/.m2/repository/org/reactivestreams/reactive-streams/1.0.3/reactive-streams-1.0.3.jar:/Users/benedict.idonije/.m2/repository/com/typesafe/netty/netty-reactive-streams/2.0.4/netty-reactive-streams-2.0.4.jar:/Users/benedict.idonije/.m2/repository/com/sun/activation/jakarta.activation/1.2.2/jakarta.activation-1.2.2.jar:/Users/benedict.idonije/.m2/repository/org/seleniumhq/selenium/selenium-http/4.0.0/selenium-http-4.0.0.jar:/Users/benedict.idonije/.m2/repository/org/seleniumhq/selenium/selenium-safari-driver/4.0.0/selenium-safari-driver-4.0.0.jar:/Users/benedict.idonije/.m2/repository/org/seleniumhq/selenium/selenium-support/4.0.0/selenium-support-4.0.0.jar:/Users/benedict.idonije/.m2/repository/org/seleniumhq/selenium/selenium-firefox-driver/4.0.0/selenium-firefox-driver-4.0.0.jar:/Users/benedict.idonije/.m2/repository/com/google/auto/service/auto-service-annotations/1.0/auto-service-annotations-1.0.jar:/Users/benedict.idonije/.m2/repository/com/google/auto/service/auto-service/1.0/auto-service-1.0.jar:/Users/benedict.idonije/.m2/repository/com/google/auto/auto-common/1.0/auto-common-1.0.jar:/Users/benedict.idonije/.m2/repository/com/google/guava/guava/31.0.1-jre/guava-31.0.1-jre.jar:/Users/benedict.idonije/.m2/repository/com/google/guava/failureaccess/1.0.1/failureaccess-1.0.1.jar:/Users/benedict.idonije/.m2/repository/com/google/guava/listenablefuture/9999.0-empty-to-avoid-conflict-with-guava/listenablefuture-9999.0-empty-to-avoid-conflict-with-guava.jar:/Users/benedict.idonije/.m2/repository/com/google/code/findbugs/jsr305/3.0.2/jsr305-3.0.2.jar:/Users/benedict.idonije/.m2/repository/org/checkerframework/checker-qual/3.12.0/checker-qual-3.12.0.jar:/Users/benedict.idonije/.m2/repository/com/google/errorprone/error_prone_annotations/2.7.1/error_prone_annotations-2.7.1.jar:/Users/benedict.idonije/.m2/repository/com/google/j2objc/j2objc-annotations/1.3/j2objc-annotations-1.3.jar:/Users/benedict.idonije/.m2/repository/org/seleniumhq/selenium/selenium-json/4.0.0/selenium-json-4.0.0.jar:/Users/benedict.idonije/.m2/repository/org/seleniumhq/selenium/selenium-chrome-driver/4.0.0/selenium-chrome-driver-4.0.0.jar:/Users/benedict.idonije/.m2/repository/org/seleniumhq/selenium/selenium-chromium-driver/4.0.0/selenium-chromium-driver-4.0.0.jar:/Users/benedict.idonije/.m2/repository/org/hamcrest/hamcrest-all/1.3/hamcrest-all-1.3.jar:/Users/benedict.idonije/.m2/repository/org/hamcrest/hamcrest-library/1.3/hamcrest-library-1.3.jar:/Users/benedict.idonije/.m2/repository/org/hamcrest/hamcrest-core/1.3/hamcrest-core-1.3.jar:/Users/benedict.idonije/.m2/repository/org/apache/cassandra/cassandra-all/0.8.1/cassandra-all-0.8.1.jar:/Users/benedict.idonije/.m2/repository/commons-cli/commons-cli/1.1/commons-cli-1.1.jar:/Users/benedict.idonije/.m2/repository/commons-codec/commons-codec/1.2/commons-codec-1.2.jar:/Users/benedict.idonije/.m2/repository/commons-collections/commons-collections/3.2.1/commons-collections-3.2.1.jar:/Users/benedict.idonije/.m2/repository/commons-lang/commons-lang/2.4/commons-lang-2.4.jar:/Users/benedict.idonije/.m2/repository/com/googlecode/concurrentlinkedhashmap/concurrentlinkedhashmap-lru/1.1/concurrentlinkedhashmap-lru-1.1.jar:/Users/benedict.idonije/.m2/repository/org/antlr/antlr/3.2/antlr-3.2.jar:/Users/benedict.idonije/.m2/repository/org/antlr/antlr-runtime/3.2/antlr-runtime-3.2.jar:/Users/benedict.idonije/.m2/repository/org/antlr/stringtemplate/3.2/stringtemplate-3.2.jar:/Users/benedict.idonije/.m2/repository/antlr/antlr/2.7.7/antlr-2.7.7.jar:/Users/benedict.idonije/.m2/repository/org/slf4j/slf4j-api/1.6.1/slf4j-api-1.6.1.jar:/Users/benedict.idonije/.m2/repository/org/apache/cassandra/deps/avro/1.4.0-cassandra-1/avro-1.4.0-cassandra-1.jar:/Users/benedict.idonije/.m2/repository/org/mortbay/jetty/jetty/6.1.22/jetty-6.1.22.jar:/Users/benedict.idonije/.m2/repository/org/mortbay/jetty/jetty-util/6.1.22/jetty-util-6.1.22.jar:/Users/benedict.idonije/.m2/repository/org/mortbay/jetty/servlet-api/2.5-20081211/servlet-api-2.5-20081211.jar:/Users/benedict.idonije/.m2/repository/org/codehaus/jackson/jackson-core-asl/1.4.0/jackson-core-asl-1.4.0.jar:/Users/benedict.idonije/.m2/repository/org/codehaus/jackson/jackson-mapper-asl/1.4.0/jackson-mapper-asl-1.4.0.jar:/Users/benedict.idonije/.m2/repository/jline/jline/0.9.94/jline-0.9.94.jar:/Users/benedict.idonije/.m2/repository/com/googlecode/json-simple/json-simple/1.1/json-simple-1.1.jar:/Users/benedict.idonije/.m2/repository/com/github/stephenc/high-scale-lib/high-scale-lib/1.1.2/high-scale-lib-1.1.2.jar:/Users/benedict.idonije/.m2/repository/org/apache/thrift/libthrift/0.6.1/libthrift-0.6.1.jar:/Users/benedict.idonije/.m2/repository/javax/servlet/servlet-api/2.5/servlet-api-2.5.jar:/Users/benedict.idonije/.m2/repository/org/apache/httpcomponents/httpclient/4.0.1/httpclient-4.0.1.jar:/Users/benedict.idonije/.m2/repository/org/apache/httpcomponents/httpcore/4.0.1/httpcore-4.0.1.jar:/Users/benedict.idonije/.m2/repository/commons-logging/commons-logging/1.1.1/commons-logging-1.1.1.jar:/Users/benedict.idonije/.m2/repository/org/apache/cassandra/cassandra-thrift/0.8.1/cassandra-thrift-0.8.1.jar:/Users/benedict.idonije/.m2/repository/com/github/stephenc/jamm/0.2.2/jamm-0.2.2.jar:"/>
    <property name="sun.cpu.endian" value="little"/>
    <property name="user.home" value="/Users/benedict.idonije"/>
    <property name="user.language" value="en"/>
    <property name="java.specification.vendor" value="Oracle Corporation"/>
    <property name="java.home" value="/Library/Java/JavaVirtualMachines/jdk1.8.0_191.jdk/Contents/Home/jre"/>
    <property name="basedir" value="/Users/benedict.idonije/git/hudl-project"/>
    <property name="file.separator" value="/"/>
    <property name="line.separator" value="&#10;"/>
    <property name="java.vm.specification.vendor" value="Oracle Corporation"/>
    <property name="java.specification.name" value="Java Platform API Specification"/>
    <property name="java.awt.graphicsenv" value="sun.awt.CGraphicsEnvironment"/>
    <property name="surefire.real.class.path" value="/Users/benedict.idonije/git/hudl-project/target/surefire/surefirebooter6784301506217900392.jar"/>
    <property name="sun.boot.class.path" value="/Library/Java/JavaVirtualMachines/jdk1.8.0_191.jdk/Contents/Home/jre/lib/resources.jar:/Library/Java/JavaVirtualMachines/jdk1.8.0_191.jdk/Contents/Home/jre/lib/rt.jar:/Library/Java/JavaVirtualMachines/jdk1.8.0_191.jdk/Contents/Home/jre/lib/sunrsasign.jar:/Library/Java/JavaVirtualMachines/jdk1.8.0_191.jdk/Contents/Home/jre/lib/jsse.jar:/Library/Java/JavaVirtualMachines/jdk1.8.0_191.jdk/Contents/Home/jre/lib/jce.jar:/Library/Java/JavaVirtualMachines/jdk1.8.0_191.jdk/Contents/Home/jre/lib/charsets.jar:/Library/Java/JavaVirtualMachines/jdk1.8.0_191.jdk/Contents/Home/jre/lib/jfr.jar:/Library/Java/JavaVirtualMachines/jdk1.8.0_191.jdk/Contents/Home/jre/classes"/>
    <property name="sun.management.compiler" value="HotSpot 64-Bit Tiered Compilers"/>
    <property name="ftp.nonProxyHosts" value="local|*.local|169.254/16|*.169.254/16"/>
    <property name="java.runtime.version" value="1.8.0_191-b12"/>
    <property name="user.name" value="benedict.idonije"/>
    <property name="path.separator" value=":"/>
    <property name="os.version" value="10.16"/>
    <property name="java.endorsed.dirs" value="/Library/Java/JavaVirtualMachines/jdk1.8.0_191.jdk/Contents/Home/jre/lib/endorsed"/>
    <property name="java.runtime.name" value="Java(TM) SE Runtime Environment"/>
    <property name="file.encoding" value="US-ASCII"/>
    <property name="java.vm.name" value="Java HotSpot(TM) 64-Bit Server VM"/>
    <property name="localRepository" value="/Users/benedict.idonije/.m2/repository"/>
    <property name="java.vendor.url.bug" value="http://bugreport.sun.com/bugreport/"/>
    <property name="java.io.tmpdir" value="/var/folders/4s/9sq7v_0n75lbmvvj4m0f7wqc_5ql0z/T/"/>
    <property name="idea.version" value="2018.2.5"/>
    <property name="java.version" value="1.8.0_191"/>
    <property name="user.dir" value="/Users/benedict.idonije/git/hudl-project"/>
    <property name="os.arch" value="x86_64"/>
    <property name="java.vm.specification.name" value="Java Virtual Machine Specification"/>
    <property name="java.awt.printerjob" value="sun.lwawt.macosx.CPrinterJob"/>
    <property name="sun.os.patch.level" value="unknown"/>
    <property name="java.library.path" value="/Users/benedict.idonije/Library/Java/Extensions:/Library/Java/Extensions:/Network/Library/Java/Extensions:/System/Library/Java/Extensions:/usr/lib/java:."/>
    <property name="java.vm.info" value="mixed mode"/>
    <property name="java.vendor" value="Oracle Corporation"/>
    <property name="java.vm.version" value="25.191-b12"/>
    <property name="java.ext.dirs" value="/Users/benedict.idonije/Library/Java/Extensions:/Library/Java/JavaVirtualMachines/jdk1.8.0_191.jdk/Contents/Home/jre/lib/ext:/Library/Java/Extensions:/Network/Library/Java/Extensions:/System/Library/Java/Extensions:/usr/lib/java"/>
    <property name="sun.io.unicode.encoding" value="UnicodeBig"/>
    <property name="java.class.version" value="52.0"/>
    <property name="socksNonProxyHosts" value="local|*.local|169.254/16|*.169.254/16"/>
  </properties>
  <testcase name="loginWithEmailAndPasswordFieldBlank" classname="com.hudl.login.LoginTest" time="4.289"/>
  <testcase name="loginWithEmailAndPasswordFieldBlank" classname="com.hudl.login.LoginTest" time="4.366"/>
  <testcase name="loginWithInValidEmail" classname="com.hudl.login.LoginTest" time="4.299"/>
  <testcase name="loginWithInValidEmail" classname="com.hudl.login.LoginTest" time="4.334"/>
  <testcase name="loginWithInValidPassword" classname="com.hudl.login.LoginTest" time="4.312"/>
  <testcase name="loginWithInValidPassword" classname="com.hudl.login.LoginTest" time="4.344"/>
  <testcase name="loginWithValidCredentials" classname="com.hudl.login.LoginTest" time="4.326">
    <failure message="no such element: Unable to locate element: {&quot;method&quot;:&quot;css selector&quot;,&quot;selector&quot;:&quot;div.hui-globaluseritem &gt; div.hui-globaluseritem__display-name &gt; span&quot;}&#10;  (Session info: chrome=96.0.4664.55)&#10;For documentation on this error, please visit: https://selenium.dev/exceptions/#no_such_element&#10;Build info: version: &apos;4.0.0&apos;, revision: &apos;3a21814679&apos;&#10;System info: host: &apos;C02XD5ANJG5J&apos;, ip: &apos;192.168.0.39&apos;, os.name: &apos;Mac OS X&apos;, os.arch: &apos;x86_64&apos;, os.version: &apos;10.16&apos;, java.version: &apos;1.8.0_191&apos;&#10;Driver info: org.openqa.selenium.chrome.ChromeDriver&#10;Command: [59a40722bf32695efc12458840d6b0ed, findElement {using=css selector, value=div.hui-globaluseritem &gt; div.hui-globaluseritem__display-name &gt; span}]&#10;Capabilities {acceptInsecureCerts: false, browserName: chrome, browserVersion: 96.0.4664.55, chrome: {chromedriverVersion: 96.0.4664.45 (76e4c1bb2ab46..., userDataDir: /var/folders/4s/9sq7v_0n75l...}, goog:chromeOptions: {debuggerAddress: localhost:58392}, javascriptEnabled: true, networkConnectionEnabled: false, pageLoadStrategy: normal, platform: MAC, platformName: MAC, proxy: Proxy(), se:cdp: ws://localhost:58392/devtoo..., se:cdpVersion: 96.0.4664.55, setWindowRect: true, strictFileInteractability: false, timeouts: {implicit: 0, pageLoad: 300000, script: 30000}, unhandledPromptBehavior: dismiss and notify, webauthn:extension:credBlob: true, webauthn:extension:largeBlob: true, webauthn:virtualAuthenticators: true}&#10;Session ID: 59a40722bf32695efc12458840d6b0ed" type="org.openqa.selenium.NoSuchElementException">org.openqa.selenium.NoSuchElementException: 
no such element: Unable to locate element: {"method":"css selector","selector":"div.hui-globaluseritem > div.hui-globaluseritem__display-name > span"}
  (Session info: chrome=96.0.4664.55)
For documentation on this error, please visit: https://selenium.dev/exceptions/#no_such_element
Build info: version: '4.0.0', revision: '3a21814679'
System info: host: 'C02XD5ANJG5J', ip: '192.168.0.39', os.name: 'Mac OS X', os.arch: 'x86_64', os.version: '10.16', java.version: '1.8.0_191'
Driver info: org.openqa.selenium.chrome.ChromeDriver
Command: [59a40722bf32695efc12458840d6b0ed, findElement {using=css selector, value=div.hui-globaluseritem > div.hui-globaluseritem__display-name > span}]
Capabilities {acceptInsecureCerts: false, browserName: chrome, browserVersion: 96.0.4664.55, chrome: {chromedriverVersion: 96.0.4664.45 (76e4c1bb2ab46..., userDataDir: /var/folders/4s/9sq7v_0n75l...}, goog:chromeOptions: {debuggerAddress: localhost:58392}, javascriptEnabled: true, networkConnectionEnabled: false, pageLoadStrategy: normal, platform: MAC, platformName: MAC, proxy: Proxy(), se:cdp: ws://localhost:58392/devtoo..., se:cdpVersion: 96.0.4664.55, setWindowRect: true, strictFileInteractability: false, timeouts: {implicit: 0, pageLoad: 300000, script: 30000}, unhandledPromptBehavior: dismiss and notify, webauthn:extension:credBlob: true, webauthn:extension:largeBlob: true, webauthn:virtualAuthenticators: true}
Session ID: 59a40722bf32695efc12458840d6b0ed
	at com.hudl.login.LoginTest.loginWithValidCredentials(LoginTest.java:29)
</failure>
  </testcase>
  <testcase name="loginWithValidCredentials" classname="com.hudl.login.LoginTest" time="4.334">
    <failure message="Unable to locate element: div.hui-globaluseritem &gt; div.hui-globaluseritem__display-name &gt; span&#10;For documentation on this error, please visit: https://selenium.dev/exceptions/#no_such_element&#10;Build info: version: &apos;4.0.0&apos;, revision: &apos;3a21814679&apos;&#10;System info: host: &apos;C02XD5ANJG5J&apos;, ip: &apos;192.168.0.39&apos;, os.name: &apos;Mac OS X&apos;, os.arch: &apos;x86_64&apos;, os.version: &apos;10.16&apos;, java.version: &apos;1.8.0_191&apos;&#10;Driver info: org.openqa.selenium.firefox.FirefoxDriver&#10;Command: [bf143e08-601a-124f-be3c-0ea9c8104134, findElement {using=css selector, value=div.hui-globaluseritem &gt; div.hui-globaluseritem__display-name &gt; span}]&#10;Capabilities {acceptInsecureCerts: true, browserName: firefox, browserVersion: 94.0.2, javascriptEnabled: true, moz:accessibilityChecks: false, moz:buildID: 20211119140621, moz:debuggerAddress: localhost:65024, moz:geckodriverVersion: 0.30.0, moz:headless: false, moz:processID: 29518, moz:profile: /var/folders/4s/9sq7v_0n75l..., moz:shutdownTimeout: 60000, moz:useNonSpecCompliantPointerOrigin: false, moz:webdriverClick: true, pageLoadStrategy: normal, platform: MAC, platformName: MAC, platformVersion: 20.6.0, proxy: Proxy(), se:cdp: ws://localhost:65024/devtoo..., se:cdpVersion: 85, setWindowRect: true, strictFileInteractability: false, timeouts: {implicit: 0, pageLoad: 300000, script: 30000}, unhandledPromptBehavior: dismiss and notify}&#10;Session ID: bf143e08-601a-124f-be3c-0ea9c8104134" type="org.openqa.selenium.NoSuchElementException">org.openqa.selenium.NoSuchElementException: 
Unable to locate element: div.hui-globaluseritem > div.hui-globaluseritem__display-name > span
For documentation on this error, please visit: https://selenium.dev/exceptions/#no_such_element
Build info: version: '4.0.0', revision: '3a21814679'
System info: host: 'C02XD5ANJG5J', ip: '192.168.0.39', os.name: 'Mac OS X', os.arch: 'x86_64', os.version: '10.16', java.version: '1.8.0_191'
Driver info: org.openqa.selenium.firefox.FirefoxDriver
Command: [bf143e08-601a-124f-be3c-0ea9c8104134, findElement {using=css selector, value=div.hui-globaluseritem > div.hui-globaluseritem__display-name > span}]
Capabilities {acceptInsecureCerts: true, browserName: firefox, browserVersion: 94.0.2, javascriptEnabled: true, moz:accessibilityChecks: false, moz:buildID: 20211119140621, moz:debuggerAddress: localhost:65024, moz:geckodriverVersion: 0.30.0, moz:headless: false, moz:processID: 29518, moz:profile: /var/folders/4s/9sq7v_0n75l..., moz:shutdownTimeout: 60000, moz:useNonSpecCompliantPointerOrigin: false, moz:webdriverClick: true, pageLoadStrategy: normal, platform: MAC, platformName: MAC, platformVersion: 20.6.0, proxy: Proxy(), se:cdp: ws://localhost:65024/devtoo..., se:cdpVersion: 85, setWindowRect: true, strictFileInteractability: false, timeouts: {implicit: 0, pageLoad: 300000, script: 30000}, unhandledPromptBehavior: dismiss and notify}
Session ID: bf143e08-601a-124f-be3c-0ea9c8104134
	at com.hudl.login.LoginTest.loginWithValidCredentials(LoginTest.java:29)
</failure>
  </testcase>
  <testcase name="doPasswordResetWithInvalidEmail" classname="com.hudl.login.PaswordResetTest" time="5.296"/>
  <testcase name="doPasswordResetWithInvalidEmail" classname="com.hudl.login.PaswordResetTest" time="5.743"/>
</testsuite>