<?xml version="1.0" encoding="UTF-8"?>
<!-- Generated by org.testng.reporters.JUnitReportReporter -->
<testsuite skipped="0" hostname="C02XD5ANJG5J" name="com.hudl.login.LoginTest" tests="8" failures="0" timestamp="2021-11-21T18:26:51 GMT" time="34.983" errors="0">
  <testcase name="loginWithInValidEmail" time="4.292" classname="com.hudl.login.LoginTest"/>
  <system-out/>
  <testcase name="loginWithInValidEmail" time="4.327" classname="com.hudl.login.LoginTest"/>
  <system-out/>
  <testcase name="loginWithEmailAndPasswordFieldBlank" time="4.332" classname="com.hudl.login.LoginTest"/>
  <system-out/>
  <testcase name="loginWithInValidPassword" time="4.340" classname="com.hudl.login.LoginTest"/>
  <system-out/>
  <testcase name="loginWithEmailAndPasswordFieldBlank" time="4.257" classname="com.hudl.login.LoginTest"/>
  <system-out/>
  <testcase name="loginWithInValidPassword" time="4.289" classname="com.hudl.login.LoginTest"/>
  <system-out/>
  <testcase name="loginWithValidCredentials" time="4.786" classname="com.hudl.login.LoginTest"/>
  <system-out/>
  <testcase name="loginWithValidCredentials" time="4.360" classname="com.hudl.login.LoginTest"/>
  <system-out/>
</testsuite> <!-- com.hudl.login.LoginTest -->
