<?xml version="1.0" encoding="UTF-8"?>
<!-- Generated by org.testng.reporters.JUnitReportReporter -->
<testsuite skipped="0" hostname="C02XD5ANJG5J" name="com.hudl.login.PaswordResetTest" tests="2" failures="0" timestamp="2021-12-04T13:50:48 GMT" time="11.038" errors="0">
  <testcase name="doPasswordResetWithInvalidEmail" time="5.742" classname="com.hudl.login.PaswordResetTest"/>
  <system-out/>
  <testcase name="doPasswordResetWithInvalidEmail" time="5.296" classname="com.hudl.login.PaswordResetTest"/>
  <system-out/>
</testsuite> <!-- com.hudl.login.PaswordResetTest -->
