<?xml version="1.0" encoding="UTF-8"?>
<!-- Generated by org.testng.reporters.JUnitReportReporter -->
<testsuite skipped="0" hostname="C02XD5ANJG5J" name="com.hudl.login.PaswordResetTest" tests="2" failures="0" timestamp="2021-11-21T18:26:51 GMT" time="11.109" errors="0">
  <testcase name="doPasswordResetWithInvalidEmail" time="5.297" classname="com.hudl.login.PaswordResetTest"/>
  <system-out/>
  <testcase name="doPasswordResetWithInvalidEmail" time="5.812" classname="com.hudl.login.PaswordResetTest"/>
  <system-out/>
</testsuite> <!-- com.hudl.login.PaswordResetTest -->
